SF:lib\features\user\data\models\user_model.dart
DA:4,6
DA:7,2
DA:8,2
DA:9,2
DA:10,2
DA:11,2
DA:12,2
DA:15,2
DA:16,8
LF:9
LH:9
end_of_record
SF:lib\core\error\failure.dart
DA:4,1
DA:6,1
DA:7,1
LF:3
LH:3
end_of_record
SF:lib\core\token\token_controller.dart
DA:16,0
DA:20,0
DA:22,0
DA:25,0
DA:26,0
DA:28,0
DA:30,0
LF:7
LH:0
end_of_record
SF:lib\features\user\data\datasources\user_remote_data_source.dart
DA:18,1
DA:21,1
DA:23,2
DA:25,1
DA:27,2
DA:29,1
DA:30,3
DA:31,1
DA:32,1
DA:34,2
DA:35,2
DA:37,3
DA:39,2
DA:41,1
LF:14
LH:14
end_of_record
SF:lib\features\user\domain\entities\user.dart
DA:9,10
DA:11,5
DA:12,25
LF:3
LH:3
end_of_record
SF:lib\features\user\data\repositories\user_repository_impl.dart
DA:13,1
DA:15,1
DA:18,1
DA:19,4
DA:20,1
DA:21,1
DA:22,2
DA:26,1
DA:29,3
DA:30,3
DA:31,1
DA:32,1
DA:33,2
LF:13
LH:13
end_of_record
SF:lib\core\params\user_params.dart
DA:8,2
DA:10,0
DA:11,0
LF:3
LH:1
end_of_record
SF:lib\features\user\domain\usecases\login.dart
DA:12,1
DA:14,1
DA:16,1
DA:17,4
LF:4
LH:4
end_of_record
SF:lib\core\usecase\usecase.dart
DA:11,0
DA:13,0
DA:14,0
LF:3
LH:0
end_of_record
SF:lib\features\user\domain\usecases\register_user.dart
DA:12,1
DA:14,1
DA:16,3
DA:17,3
LF:4
LH:4
end_of_record
