SF:lib\core\params\user_params.dart
DA:8,2
DA:10,0
DA:11,0
LF:3
LH:1
end_of_record
SF:lib\features\user\domain\entities\user.dart
DA:8,3
DA:10,1
DA:11,4
LF:3
LH:3
end_of_record
SF:lib\features\user\domain\usecases\login.dart
DA:12,1
DA:14,1
DA:16,2
DA:17,2
LF:4
LH:4
end_of_record
SF:lib\core\error\failure.dart
DA:4,0
DA:6,0
DA:7,0
LF:3
LH:0
end_of_record
SF:lib\core\usecase\usecase.dart
DA:11,0
DA:13,0
DA:14,0
LF:3
LH:0
end_of_record
SF:lib\features\user\domain\usecases\register_user.dart
DA:12,1
DA:14,1
DA:16,3
DA:17,3
LF:4
LH:4
end_of_record
